# JRE version: OpenJDK Runtime Environment Temurin-17.0.1+12 (17.0.1+12) (build 17.0.1+12)
# Java VM: OpenJDK 64-Bit Server VM Temurin-17.0.1+12 (17.0.1+12, mixed mode, emulated-client, tiered, compressed oops, compressed class ptrs, g1 gc, windows-amd64)
GC Precious Log:
 CPUs: 4 total, 4 available
 Memory: 4012M
 Large Page Support: Disabled
 NUMA Support: Disabled
 Compressed Oops: Enabled (32-bit)
 Heap Region Size: 1M
 Heap Min Capacity: 8M
 Heap Initial Capacity: 64M
 Heap Max Capacity: 1004M
 Pre-touch: Disabled
 Parallel Workers: 4
 Concurrent Workers: 1
 Concurrent Refinement Workers: 4
 Periodic GC: Disabled
Heap:
 garbage-first heap   total 51200K, used 39407K [0x00000000c1400000, 0x0000000100000000)
  region size 1024K, 25 young (25600K), 2 survivors (2048K)
 Metaspace       used 50232K, committed 50624K, reserved 1097728K
  class space    used 6002K, committed 6208K, reserved 1048576K
GC Heap History (20 events):
Event: 11.633 GC heap before
{Heap before GC invocations=9 (full 0):
 garbage-first heap   total 46080K, used 34171K [0x00000000c1400000, 0x0000000100000000)
  region size 1024K, 27 young (27648K), 3 survivors (3072K)
 Metaspace       used 30710K, committed 30976K, reserved 1081344K
  class space    used 3684K, committed 3776K, reserved 1048576K
}
Event: 11.638 GC heap after
{Heap after GC invocations=10 (full 0):
 garbage-first heap   total 46080K, used 10200K [0x00000000c1400000, 0x0000000100000000)
  region size 1024K, 3 young (3072K), 3 survivors (3072K)
 Metaspace       used 30710K, committed 30976K, reserved 1081344K
  class space    used 3684K, committed 3776K, reserved 1048576K
}
Event: 12.088 GC heap before
{Heap before GC invocations=10 (full 0):
 garbage-first heap   total 46080K, used 33752K [0x00000000c1400000, 0x0000000100000000)
  region size 1024K, 27 young (27648K), 3 survivors (3072K)
 Metaspace       used 32433K, committed 32768K, reserved 1081344K
  class space    used 3949K, committed 4096K, reserved 1048576K
}
Event: 12.095 GC heap after
{Heap after GC invocations=11 (full 0):
 garbage-first heap   total 46080K, used 10381K [0x00000000c1400000, 0x0000000100000000)
  region size 1024K, 3 young (3072K), 3 survivors (3072K)
 Metaspace       used 32433K, committed 32768K, reserved 1081344K
  class space    used 3949K, committed 4096K, reserved 1048576K
}
Event: 12.844 GC heap before
{Heap before GC invocations=11 (full 0):
 garbage-first heap   total 46080K, used 34957K [0x00000000c1400000, 0x0000000100000000)
  region size 1024K, 27 young (27648K), 3 survivors (3072K)
 Metaspace       used 34806K, committed 35136K, reserved 1081344K
  class space    used 4316K, committed 4480K, reserved 1048576K
}
Event: 12.856 GC heap after
{Heap after GC invocations=12 (full 0):
 garbage-first heap   total 55296K, used 11463K [0x00000000c1400000, 0x0000000100000000)
  region size 1024K, 4 young (4096K), 4 survivors (4096K)
 Metaspace       used 34806K, committed 35136K, reserved 1081344K
  class space    used 4316K, committed 4480K, reserved 1048576K
}
Event: 13.156 GC heap before
{Heap before GC invocations=12 (full 0):
 garbage-first heap   total 55296K, used 22727K [0x00000000c1400000, 0x0000000100000000)
  region size 1024K, 16 young (16384K), 4 survivors (4096K)
 Metaspace       used 35955K, committed 36288K, reserved 1081344K
  class space    used 4444K, committed 4608K, reserved 1048576K
}
Event: 13.171 GC heap after
{Heap after GC invocations=13 (full 0):
 garbage-first heap   total 55296K, used 12295K [0x00000000c1400000, 0x0000000100000000)
  region size 1024K, 3 young (3072K), 3 survivors (3072K)
 Metaspace       used 35955K, committed 36288K, reserved 1081344K
  class space    used 4444K, committed 4608K, reserved 1048576K
}
Event: 14.119 GC heap before
{Heap before GC invocations=14 (full 0):
 garbage-first heap   total 51200K, used 39943K [0x00000000c1400000, 0x0000000100000000)
  region size 1024K, 30 young (30720K), 3 survivors (3072K)
 Metaspace       used 39069K, committed 39424K, reserved 1089536K
  class space    used 4819K, committed 4992K, reserved 1048576K
}
Event: 14.130 GC heap after
{Heap after GC invocations=15 (full 0):
 garbage-first heap   total 51200K, used 13640K [0x00000000c1400000, 0x0000000100000000)
  region size 1024K, 4 young (4096K), 4 survivors (4096K)
 Metaspace       used 39069K, committed 39424K, reserved 1089536K
  class space    used 4819K, committed 4992K, reserved 1048576K
}
Event: 14.177 GC heap before
{Heap before GC invocations=15 (full 0):
 garbage-first heap   total 51200K, used 14664K [0x00000000c1400000, 0x0000000100000000)
  region size 1024K, 5 young (5120K), 4 survivors (4096K)
 Metaspace       used 39156K, committed 39488K, reserved 1089536K
  class space    used 4831K, committed 4992K, reserved 1048576K
}
Event: 14.183 GC heap after
{Heap after GC invocations=16 (full 0):
 garbage-first heap   total 51200K, used 14044K [0x00000000c1400000, 0x0000000100000000)
  region size 1024K, 1 young (1024K), 1 survivors (1024K)
 Metaspace       used 39156K, committed 39488K, reserved 1089536K
  class space    used 4831K, committed 4992K, reserved 1048576K
}
Event: 14.853 GC heap before
{Heap before GC invocations=16 (full 0):
 garbage-first heap   total 51200K, used 39644K [0x00000000c1400000, 0x0000000100000000)
  region size 1024K, 26 young (26624K), 1 survivors (1024K)
 Metaspace       used 41168K, committed 41472K, reserved 1089536K
  class space    used 5112K, committed 5248K, reserved 1048576K
}
Event: 14.859 GC heap after
{Heap after GC invocations=17 (full 0):
 garbage-first heap   total 51200K, used 15099K [0x00000000c1400000, 0x0000000100000000)
  region size 1024K, 2 young (2048K), 2 survivors (2048K)
 Metaspace       used 41168K, committed 41472K, reserved 1089536K
  class space    used 5112K, committed 5248K, reserved 1048576K
}
Event: 114.269 GC heap before
{Heap before GC invocations=17 (full 0):
 garbage-first heap   total 51200K, used 38651K [0x00000000c1400000, 0x0000000100000000)
  region size 1024K, 26 young (26624K), 2 survivors (2048K)
 Metaspace       used 43978K, committed 44352K, reserved 1089536K
  class space    used 5441K, committed 5632K, reserved 1048576K
}
Event: 114.276 GC heap after
{Heap after GC invocations=18 (full 0):
 garbage-first heap   total 51200K, used 15965K [0x00000000c1400000, 0x0000000100000000)
  region size 1024K, 3 young (3072K), 3 survivors (3072K)
 Metaspace       used 43978K, committed 44352K, reserved 1089536K
  class space    used 5441K, committed 5632K, reserved 1048576K
}
Event: 119.257 GC heap before
{Heap before GC invocations=18 (full 0):
 garbage-first heap   total 51200K, used 39517K [0x00000000c1400000, 0x0000000100000000)
  region size 1024K, 27 young (27648K), 3 survivors (3072K)
 Metaspace       used 46173K, committed 46528K, reserved 1089536K
  class space    used 5610K, committed 5760K, reserved 1048576K
}
Event: 119.264 GC heap after
{Heap after GC invocations=19 (full 0):
 garbage-first heap   total 51200K, used 16559K [0x00000000c1400000, 0x0000000100000000)
  region size 1024K, 2 young (2048K), 2 survivors (2048K)
 Metaspace       used 46173K, committed 46528K, reserved 1089536K
  class space    used 5610K, committed 5760K, reserved 1048576K
}
Event: 121.538 GC heap before
{Heap before GC invocations=19 (full 0):
 garbage-first heap   total 51200K, used 40111K [0x00000000c1400000, 0x0000000100000000)
  region size 1024K, 26 young (26624K), 2 survivors (2048K)
 Metaspace       used 48313K, committed 48640K, reserved 1097728K
  class space    used 5813K, committed 5952K, reserved 1048576K
}
Event: 121.542 GC heap after
{Heap after GC invocations=20 (full 0):
 garbage-first heap   total 51200K, used 16879K [0x00000000c1400000, 0x0000000100000000)
  region size 1024K, 2 young (2048K), 2 survivors (2048K)
 Metaspace       used 48313K, committed 48640K, reserved 1097728K
  class space    used 5813K, committed 5952K, reserved 1048576K
}

